0 info it worked if it ends with ok
1 verbose cli [ '/home/android/node-v4.5.0-linux-x64/bin/node',
1 verbose cli   '/home/android/node-v4.5.0-linux-x64/bin/npm',
1 verbose cli   'start',
1 verbose cli   'acceso_fichero.js' ]
2 info using npm@2.15.9
3 info using node@v4.5.0
4 verbose stack Error: missing script: start
4 verbose stack     at run (/home/android/node-v4.5.0-linux-x64/lib/node_modules/npm/lib/run-script.js:142:19)
4 verbose stack     at /home/android/node-v4.5.0-linux-x64/lib/node_modules/npm/lib/run-script.js:58:5
4 verbose stack     at /home/android/node-v4.5.0-linux-x64/lib/node_modules/npm/node_modules/read-package-json/read-json.js:356:5
4 verbose stack     at checkBinReferences_ (/home/android/node-v4.5.0-linux-x64/lib/node_modules/npm/node_modules/read-package-json/read-json.js:320:45)
4 verbose stack     at final (/home/android/node-v4.5.0-linux-x64/lib/node_modules/npm/node_modules/read-package-json/read-json.js:354:3)
4 verbose stack     at then (/home/android/node-v4.5.0-linux-x64/lib/node_modules/npm/node_modules/read-package-json/read-json.js:124:5)
4 verbose stack     at ReadFileContext.<anonymous> (/home/android/node-v4.5.0-linux-x64/lib/node_modules/npm/node_modules/read-package-json/read-json.js:295:20)
4 verbose stack     at ReadFileContext.callback (/home/android/node-v4.5.0-linux-x64/lib/node_modules/npm/node_modules/graceful-fs/graceful-fs.js:78:16)
4 verbose stack     at FSReqWrap.readFileAfterOpen [as oncomplete] (fs.js:303:13)
5 verbose cwd /home/android/manolo/node
6 error Linux 4.4.0-38-generic
7 error argv "/home/android/node-v4.5.0-linux-x64/bin/node" "/home/android/node-v4.5.0-linux-x64/bin/npm" "start" "acceso_fichero.js"
8 error node v4.5.0
9 error npm  v2.15.9
10 error missing script: start
11 error If you need help, you may report this error at:
11 error     <https://github.com/npm/npm/issues>
12 verbose exit [ 1, true ]
